Arguments: 
  /Users/martins20/.nvm/versions/node/v16.13.0/bin/node /Users/martins20/.yarn/bin/yarn.js add tsconfig-paths ts-node-dev -D

PATH: 
  /Users/martins20/.yarn/bin:/Users/martins20/.config/yarn/global/node_modules/.bin:/Users/martins20/.nvm/versions/node/v16.13.0/bin:/usr/local/bin:/usr/bin:/bin:/usr/sbin:/sbin:/Library/Apple/usr/bin:/Users/martins20/.yarn/bin:/Users/martins20/.config/yarn/global/node_modules/.bin:/Users/martins20/.nvm/versions/node/v16.13.0/bin:/Users/martins20/Downloads/google-cloud-sdk/bin:/Users/martins20/.zinit/polaris/bin:/Library/Android/Sdk/emulator:/Library/Android/Sdk/tools:/Library/Android/Sdk/tools/bin:/Library/Android/Sdk/platform-tools:/Library/Android/Sdk/emulator:/Library/Android/Sdk/tools:/Library/Android/Sdk/tools/bin:/Library/Android/Sdk/platform-tools

Yarn version: 
  1.22.18

Node version: 
  16.13.0

Platform: 
  darwin x64

Trace: 
  SyntaxError: /Users/martins20/BrasilPrev/Challengers/life-game-emulator/package.json: Unexpected token } in JSON at position 221
      at JSON.parse (<anonymous>)
      at /Users/martins20/.yarn/lib/cli.js:1625:59
      at Generator.next (<anonymous>)
      at step (/Users/martins20/.yarn/lib/cli.js:310:30)
      at /Users/martins20/.yarn/lib/cli.js:321:13

npm manifest: 
  {
    "name": "life-game-emulator",
    "version": "1.0.0",
    "license": "MIT",
    "scripts": {
      "start:dev": "tsnd -r tsconfig-paths/register --inspect --transpile-only --ignore-watch node_modules --respawn src/shared",
    },
    "devDependencies": {
      "typescript": "^4.6.3"
    }
  }

yarn manifest: 
  No manifest

Lockfile: 
  # THIS IS AN AUTOGENERATED FILE. DO NOT EDIT THIS FILE DIRECTLY.
  # yarn lockfile v1
  
  
  typescript@^4.6.3:
    version "4.6.3"
    resolved "https://registry.yarnpkg.com/typescript/-/typescript-4.6.3.tgz#eefeafa6afdd31d725584c67a0eaba80f6fc6c6c"
    integrity sha512-yNIatDa5iaofVozS/uQJEl3JRWLKKGJKh6Yaiv0GLGSuhpFJe7P3SbHZ8/yjAHRQwKRoA6YZqlfjXWmVzoVSMw==
